<?xml version="1.0" encoding="UTF-8"?>
<!-- Generated by org.testng.reporters.JUnitReportReporter -->
<testsuite hostname="LP-TZD-0X118172" failures="0" tests="1" name="execution.TestRun" time="29.477" errors="0" timestamp="2024-10-29T01:44:57 IST" skipped="0">
  <testcase classname="execution.TestRun" name="login" time="29.477"/>
</testsuite> <!-- execution.TestRun -->
