<?xml version="1.0" encoding="UTF-8"?>
<!-- Generated by org.testng.reporters.JUnitReportReporter -->
<testsuite hostname="LP-TZD-0X118172" failures="0" tests="2" name="execution.TestRunHomePage" time="64.830" errors="0" timestamp="2024-10-29T02:33:03 IST" skipped="0">
  <testcase classname="execution.TestRunHomePage" name="login" time="32.384"/>
  <testcase classname="execution.TestRunHomePage" name="login" time="32.446"/>
</testsuite> <!-- execution.TestRunHomePage -->
