<?xml version="1.0" encoding="UTF-8"?>
<!-- Generated by org.testng.reporters.JUnitReportReporter -->
<testsuite hostname="LP-TZD-0X118172" failures="0" tests="1" name="selenium.HandleDropDown" time="9.463" errors="0" timestamp="2024-10-15T23:28:50 IST" skipped="0">
  <testcase classname="selenium.HandleDropDown" name="HandleRadio" time="9.463"/>
</testsuite> <!-- selenium.HandleDropDown -->
