<?xml version="1.0" encoding="UTF-8"?>
<!-- Generated by org.testng.reporters.JUnitReportReporter -->
<testsuite hostname="LP-TZD-0X118172" failures="0" tests="1" name="selenium.HomePage" time="10.559" errors="0" timestamp="2024-10-15T22:44:27 IST" skipped="0">
  <testcase classname="selenium.HomePage" name="HomePage1" time="10.559"/>
</testsuite> <!-- selenium.HomePage -->
