<?xml version="1.0" encoding="UTF-8"?>
<!-- Generated by org.testng.reporters.JUnitReportReporter -->
<testsuite hostname="LP-TZD-0X118172" failures="0" tests="1" name="selenium.HandleAlert" time="4.742" errors="0" timestamp="2024-10-15T23:49:54 IST" skipped="0">
  <testcase classname="selenium.HandleAlert" name="Alert" time="4.742"/>
</testsuite> <!-- selenium.HandleAlert -->
