<?xml version="1.0" encoding="UTF-8"?>
<!-- Generated by org.testng.reporters.JUnitReportReporter -->
<testsuite hostname="LP-TZD-0X118172" failures="0" tests="3" name="execution.TestRun" time="52.498" errors="0" timestamp="2024-10-29T02:19:28 IST" skipped="0">
  <testcase classname="execution.TestRun" name="addElement" time="25.117"/>
  <testcase classname="execution.TestRun" name="login" time="27.381"/>
  <testcase classname="execution.TestRun" name="verifyRecord" time="0.000"/>
</testsuite> <!-- execution.TestRun -->
