<?xml version="1.0" encoding="UTF-8"?>
<!-- Generated by org.testng.reporters.JUnitReportReporter -->
<testsuite hostname="LP-TZD-0X118172" failures="0" tests="1" name="selenium.CrossBrowserTesting" time="3.023" errors="0" timestamp="2024-10-15T20:23:48 IST" skipped="0">
  <testcase classname="selenium.CrossBrowserTesting" name="HomePage" time="3.023"/>
</testsuite> <!-- selenium.CrossBrowserTesting -->
