<?xml version="1.0" encoding="UTF-8"?>
<!-- Generated by org.testng.reporters.JUnitReportReporter -->
<testsuite hostname="LP-TZD-0X118172" failures="0" tests="1" name="selenium.HandleRadioButton" time="7.870" errors="0" timestamp="2024-10-15T23:12:02 IST" skipped="0">
  <testcase classname="selenium.HandleRadioButton" name="HandleRadio" time="7.870"/>
</testsuite> <!-- selenium.HandleRadioButton -->
