<?xml version="1.0" encoding="UTF-8"?>
<!-- Generated by org.testng.reporters.JUnitReportReporter -->
<testsuite hostname="LAPTOP-I2HEPINJ" failures="0" tests="1" name="realDevice.RD_CalculatorTest" time="0.015" errors="0" timestamp="2024-10-26T11:52:45 IST" skipped="0">
  <testcase classname="realDevice.RD_CalculatorTest" name="verifyAddTest" time="0.015"/>
</testsuite> <!-- realDevice.RD_CalculatorTest -->
