<?xml version="1.0" encoding="UTF-8"?>
<!-- Generated by org.testng.reporters.JUnitReportReporter -->
<testsuite hostname="LP-TZD-0X118172" failures="0" tests="1" name="controlExample.HandleradioButton" time="0.282" errors="0" timestamp="2024-10-15T22:49:24 IST" skipped="0">
  <testcase classname="controlExample.HandleradioButton" name="verifyInputBox" time="0.282"/>
  <system-out/>
</testsuite> <!-- controlExample.HandleradioButton -->
